<?xml version="1.0" encoding="utf-8" standalone="no"?>
<test-run id="2" testcasecount="62" result="Passed" total="62" passed="62" failed="0" inconclusive="0" skipped="0" asserts="86" engine-version="3.10.0.0" clr-version="4.0.30319.42000" start-time="2019-08-30 03:50:14Z" end-time="2019-08-30 03:53:06Z" duration="172.040823">
  <command-line><![CDATA["C:\Project\fse\Source\Latest\Git\FseProjectManagement\packages\NUnit.ConsoleRunner.3.10.0\tools\nunit3-console.exe" "C:\Project\fse\Source\Latest\Git\FseProjectManagement\FseProjectManagement.Web.Test\bin\Debug\FseProjectManagement.Web.Test.dll"]]></command-line>
  <test-suite type="Assembly" id="0-1069" name="FseProjectManagement.Web.Test.dll" fullname="FseProjectManagement.Web.Test.dll" runstate="Runnable" testcasecount="62" result="Passed" start-time="2019-08-30 03:50:31Z" end-time="2019-08-30 03:53:06Z" duration="155.359691" total="62" passed="62" failed="0" warnings="0" inconclusive="0" skipped="0" asserts="86">
    <environment framework-version="3.11.0.0" clr-version="4.0.30319.42000" os-version="Microsoft Windows NT 10.0.16299.0" platform="Win32NT" cwd="C:\Project\fse\Source\Latest\Git\FseProjectManagement" machine-name="APMDP-ELPT74047" user="KXBHOS" user-domain="ACEINA" culture="en-MY" uiculture="en-US" os-architecture="x64" />
    <settings>
      <setting name="DisposeRunners" value="True" />
      <setting name="WorkDirectory" value="C:\Project\fse\Source\Latest\Git\FseProjectManagement" />
      <setting name="ImageRuntimeVersion" value="4.0.30319" />
      <setting name="ImageTargetFrameworkName" value=".NETFramework,Version=v4.6.1" />
      <setting name="ImageRequiresX86" value="False" />
      <setting name="ImageRequiresDefaultAppDomainAssemblyResolver" value="False" />
      <setting name="NumberOfTestWorkers" value="4" />
    </settings>
    <properties>
      <property name="_PID" value="21184" />
      <property name="_APPDOMAIN" value="domain-" />
    </properties>
    <test-suite type="TestSuite" id="0-1070" name="FseProjectManagement" fullname="FseProjectManagement" runstate="Runnable" testcasecount="62" result="Passed" start-time="2019-08-30 03:50:31Z" end-time="2019-08-30 03:53:06Z" duration="155.184723" total="62" passed="62" failed="0" warnings="0" inconclusive="0" skipped="0" asserts="86">
      <test-suite type="TestSuite" id="0-1071" name="Web" fullname="FseProjectManagement.Web" runstate="Runnable" testcasecount="62" result="Passed" start-time="2019-08-30 03:50:31Z" end-time="2019-08-30 03:53:06Z" duration="155.175024" total="62" passed="62" failed="0" warnings="0" inconclusive="0" skipped="0" asserts="86">
        <test-suite type="TestSuite" id="0-1073" name="Controllers" fullname="FseProjectManagement.Web.Controllers" runstate="Runnable" testcasecount="14" result="Passed" start-time="2019-08-30 03:50:31Z" end-time="2019-08-30 03:52:11Z" duration="100.333853" total="14" passed="14" failed="0" warnings="0" inconclusive="0" skipped="0" asserts="27">
          <test-suite type="TestFixture" id="0-1053" name="FilterStateHelperTest" fullname="FseProjectManagement.Web.Controllers.FilterStateHelperTest" classname="FseProjectManagement.Web.Controllers.FilterStateHelperTest" runstate="Runnable" testcasecount="8" result="Passed" start-time="2019-08-30 03:50:31Z" end-time="2019-08-30 03:50:38Z" duration="7.216430" total="8" passed="8" failed="0" warnings="0" inconclusive="0" skipped="0" asserts="21">
            <test-case id="0-1057" name="Add_Filter_Test" fullname="FseProjectManagement.Web.Controllers.FilterStateHelperTest.Add_Filter_Test" methodname="Add_Filter_Test" classname="FseProjectManagement.Web.Controllers.FilterStateHelperTest" runstate="Runnable" seed="1680516456" result="Passed" start-time="2019-08-30 03:50:31Z" end-time="2019-08-30 03:50:36Z" duration="5.502730" asserts="1" />
            <test-case id="0-1058" name="AddFilter_ShouldThrowErrorIfAddingSameFilter" fullname="FseProjectManagement.Web.Controllers.FilterStateHelperTest.AddFilter_ShouldThrowErrorIfAddingSameFilter" methodname="AddFilter_ShouldThrowErrorIfAddingSameFilter" classname="FseProjectManagement.Web.Controllers.FilterStateHelperTest" runstate="Runnable" seed="1575338710" result="Passed" start-time="2019-08-30 03:50:37Z" end-time="2019-08-30 03:50:37Z" duration="0.519070" asserts="2" />
            <test-case id="0-1055" name="FilterDescriptor_Test" fullname="FseProjectManagement.Web.Controllers.FilterStateHelperTest.FilterDescriptor_Test" methodname="FilterDescriptor_Test" classname="FseProjectManagement.Web.Controllers.FilterStateHelperTest" runstate="Runnable" seed="1281881187" result="Passed" start-time="2019-08-30 03:50:37Z" end-time="2019-08-30 03:50:37Z" duration="0.234592" asserts="6" />
            <test-case id="0-1061" name="FlattenComposite_FilterDescriptor_Test" fullname="FseProjectManagement.Web.Controllers.FilterStateHelperTest.FlattenComposite_FilterDescriptor_Test" methodname="FlattenComposite_FilterDescriptor_Test" classname="FseProjectManagement.Web.Controllers.FilterStateHelperTest" runstate="Runnable" seed="1048174173" result="Passed" start-time="2019-08-30 03:50:37Z" end-time="2019-08-30 03:50:37Z" duration="0.060161" asserts="1" />
            <test-case id="0-1060" name="FlattenCompositeFilterDescriptor_ShouldThrowError_IfUnsupportedOperatorUsed_Test" fullname="FseProjectManagement.Web.Controllers.FilterStateHelperTest.FlattenCompositeFilterDescriptor_ShouldThrowError_IfUnsupportedOperatorUsed_Test" methodname="FlattenCompositeFilterDescriptor_ShouldThrowError_IfUnsupportedOperatorUsed_Test" classname="FseProjectManagement.Web.Controllers.FilterStateHelperTest" runstate="Runnable" seed="617474037" result="Passed" start-time="2019-08-30 03:50:38Z" end-time="2019-08-30 03:50:38Z" duration="0.052868" asserts="1" />
            <test-case id="0-1059" name="SearchFilterDescriptors_Test" fullname="FseProjectManagement.Web.Controllers.FilterStateHelperTest.SearchFilterDescriptors_Test" methodname="SearchFilterDescriptors_Test" classname="FseProjectManagement.Web.Controllers.FilterStateHelperTest" runstate="Runnable" seed="906368076" result="Passed" start-time="2019-08-30 03:50:38Z" end-time="2019-08-30 03:50:38Z" duration="0.001720" asserts="1" />
            <test-case id="0-1056" name="SortDescriptor_Test" fullname="FseProjectManagement.Web.Controllers.FilterStateHelperTest.SortDescriptor_Test" methodname="SortDescriptor_Test" classname="FseProjectManagement.Web.Controllers.FilterStateHelperTest" runstate="Runnable" seed="395388103" result="Passed" start-time="2019-08-30 03:50:38Z" end-time="2019-08-30 03:50:38Z" duration="0.405175" asserts="4" />
            <test-case id="0-1054" name="ToOperatorString_Test" fullname="FseProjectManagement.Web.Controllers.FilterStateHelperTest.ToOperatorString_Test" methodname="ToOperatorString_Test" classname="FseProjectManagement.Web.Controllers.FilterStateHelperTest" runstate="Runnable" seed="1469800653" result="Passed" start-time="2019-08-30 03:50:38Z" end-time="2019-08-30 03:50:38Z" duration="0.011367" asserts="5" />
          </test-suite>
          <test-suite type="TestFixture" id="0-1062" name="ParentTaskControllerTest" fullname="FseProjectManagement.Web.Controllers.ParentTaskControllerTest" classname="FseProjectManagement.Web.Controllers.ParentTaskControllerTest" runstate="Runnable" testcasecount="6" result="Passed" start-time="2019-08-30 03:50:38Z" end-time="2019-08-30 03:52:11Z" duration="93.090867" total="6" passed="6" failed="0" warnings="0" inconclusive="0" skipped="0" asserts="6">
            <test-case id="0-1066" name="GetparentTask_ShouldNot_ReturnTask_DB_Test" fullname="FseProjectManagement.Web.Controllers.ParentTaskControllerTest.GetparentTask_ShouldNot_ReturnTask_DB_Test" methodname="GetparentTask_ShouldNot_ReturnTask_DB_Test" classname="FseProjectManagement.Web.Controllers.ParentTaskControllerTest" runstate="Runnable" seed="95738376" result="Passed" start-time="2019-08-30 03:50:38Z" end-time="2019-08-30 03:52:09Z" duration="90.750266" asserts="1" />
            <test-case id="0-1065" name="GetparentTask_ShouldNot_ReturnTask_Test" fullname="FseProjectManagement.Web.Controllers.ParentTaskControllerTest.GetparentTask_ShouldNot_ReturnTask_Test" methodname="GetparentTask_ShouldNot_ReturnTask_Test" classname="FseProjectManagement.Web.Controllers.ParentTaskControllerTest" runstate="Runnable" seed="1042869108" result="Passed" start-time="2019-08-30 03:52:09Z" end-time="2019-08-30 03:52:10Z" duration="1.497013" asserts="1" />
            <test-case id="0-1064" name="GetparentTask_ShouldReturn_CorrectparentTask_Test" fullname="FseProjectManagement.Web.Controllers.ParentTaskControllerTest.GetparentTask_ShouldReturn_CorrectparentTask_Test" methodname="GetparentTask_ShouldReturn_CorrectparentTask_Test" classname="FseProjectManagement.Web.Controllers.ParentTaskControllerTest" runstate="Runnable" seed="1766164560" result="Passed" start-time="2019-08-30 03:52:10Z" end-time="2019-08-30 03:52:11Z" duration="0.337217" asserts="1" />
            <test-case id="0-1063" name="GetTasks_ShouldReturn_AllParenTasks_Test" fullname="FseProjectManagement.Web.Controllers.ParentTaskControllerTest.GetTasks_ShouldReturn_AllParenTasks_Test" methodname="GetTasks_ShouldReturn_AllParenTasks_Test" classname="FseProjectManagement.Web.Controllers.ParentTaskControllerTest" runstate="Runnable" seed="1222006248" result="Passed" start-time="2019-08-30 03:52:11Z" end-time="2019-08-30 03:52:11Z" duration="0.278997" asserts="1" />
            <test-case id="0-1067" name="Update_ShouldAdd_NewparentTask_Test" fullname="FseProjectManagement.Web.Controllers.ParentTaskControllerTest.Update_ShouldAdd_NewparentTask_Test" methodname="Update_ShouldAdd_NewparentTask_Test" classname="FseProjectManagement.Web.Controllers.ParentTaskControllerTest" runstate="Runnable" seed="957561715" result="Passed" start-time="2019-08-30 03:52:11Z" end-time="2019-08-30 03:52:11Z" duration="0.107300" asserts="1" />
            <test-case id="0-1068" name="Update_ShouldUpdate_CorrectParentTask_Test" fullname="FseProjectManagement.Web.Controllers.ParentTaskControllerTest.Update_ShouldUpdate_CorrectParentTask_Test" methodname="Update_ShouldUpdate_CorrectParentTask_Test" classname="FseProjectManagement.Web.Controllers.ParentTaskControllerTest" runstate="Runnable" seed="542667625" result="Passed" start-time="2019-08-30 03:52:11Z" end-time="2019-08-30 03:52:11Z" duration="0.073611" asserts="1" />
          </test-suite>
        </test-suite>
        <test-suite type="SetUpFixture" id="0-1038" name="Test" fullname="FseProjectManagement.Web.Test.TestSetup" classname="FseProjectManagement.Web.Test.TestSetup" runstate="Runnable" testcasecount="48" result="Passed" start-time="2019-08-30 03:52:11Z" end-time="2019-08-30 03:53:06Z" duration="54.839901" total="48" passed="48" failed="0" warnings="0" inconclusive="0" skipped="0" asserts="59">
          <test-suite type="TestFixture" id="0-1000" name="MiscellaneousTest" fullname="FseProjectManagement.Web.Test.MiscellaneousTest" classname="FseProjectManagement.Web.Test.MiscellaneousTest" runstate="Runnable" testcasecount="5" result="Passed" start-time="2019-08-30 03:52:11Z" end-time="2019-08-30 03:52:11Z" duration="0.052077" total="5" passed="5" failed="0" warnings="0" inconclusive="0" skipped="0" asserts="5">
            <test-case id="0-1004" name="InvalidDateFromDate_Test" fullname="FseProjectManagement.Web.Test.MiscellaneousTest.InvalidDateFromDate_Test" methodname="InvalidDateFromDate_Test" classname="FseProjectManagement.Web.Test.MiscellaneousTest" runstate="Runnable" seed="404377374" result="Passed" start-time="2019-08-30 03:52:11Z" end-time="2019-08-30 03:52:11Z" duration="0.003972" asserts="1" />
            <test-case id="0-1001" name="JsonObject_Test" fullname="FseProjectManagement.Web.Test.MiscellaneousTest.JsonObject_Test" methodname="JsonObject_Test" classname="FseProjectManagement.Web.Test.MiscellaneousTest" runstate="Runnable" seed="972011256" result="Passed" start-time="2019-08-30 03:52:11Z" end-time="2019-08-30 03:52:11Z" duration="0.033523" asserts="1" />
            <test-case id="0-1002" name="StringToJson_Test" fullname="FseProjectManagement.Web.Test.MiscellaneousTest.StringToJson_Test" methodname="StringToJson_Test" classname="FseProjectManagement.Web.Test.MiscellaneousTest" runstate="Runnable" seed="1728978647" result="Passed" start-time="2019-08-30 03:52:11Z" end-time="2019-08-30 03:52:11Z" duration="0.001920" asserts="1" />
            <test-case id="0-1003" name="Test_InvalidDateFromString" fullname="FseProjectManagement.Web.Test.MiscellaneousTest.Test_InvalidDateFromString" methodname="Test_InvalidDateFromString" classname="FseProjectManagement.Web.Test.MiscellaneousTest" runstate="Runnable" seed="1416272905" result="Passed" start-time="2019-08-30 03:52:11Z" end-time="2019-08-30 03:52:11Z" duration="0.002401" asserts="1" />
            <test-case id="0-1005" name="UserDisplayName_Test" fullname="FseProjectManagement.Web.Test.MiscellaneousTest.UserDisplayName_Test" methodname="UserDisplayName_Test" classname="FseProjectManagement.Web.Test.MiscellaneousTest" runstate="Runnable" seed="1506834710" result="Passed" start-time="2019-08-30 03:52:11Z" end-time="2019-08-30 03:52:11Z" duration="0.006168" asserts="1" />
          </test-suite>
          <test-suite type="TestFixture" id="0-1006" name="ProjectControllerTest" fullname="FseProjectManagement.Web.Test.ProjectControllerTest" classname="FseProjectManagement.Web.Test.ProjectControllerTest" runstate="Runnable" testcasecount="16" result="Passed" start-time="2019-08-30 03:52:11Z" end-time="2019-08-30 03:52:28Z" duration="16.822716" total="16" passed="16" failed="0" warnings="0" inconclusive="0" skipped="0" asserts="20">
            <test-case id="0-1015" name="Delete_ShouldDelete_CorrectProject_Test" fullname="FseProjectManagement.Web.Test.ProjectControllerTest.Delete_ShouldDelete_CorrectProject_Test" methodname="Delete_ShouldDelete_CorrectProject_Test" classname="FseProjectManagement.Web.Test.ProjectControllerTest" runstate="Runnable" seed="1663084287" result="Passed" start-time="2019-08-30 03:52:11Z" end-time="2019-08-30 03:52:11Z" duration="0.243490" asserts="1" />
            <test-case id="0-1017" name="Delete_ShouldNotDelete_WhenProjectHasTasks_Test" fullname="FseProjectManagement.Web.Test.ProjectControllerTest.Delete_ShouldNotDelete_WhenProjectHasTasks_Test" methodname="Delete_ShouldNotDelete_WhenProjectHasTasks_Test" classname="FseProjectManagement.Web.Test.ProjectControllerTest" runstate="Runnable" seed="93641746" result="Passed" start-time="2019-08-30 03:52:11Z" end-time="2019-08-30 03:52:11Z" duration="0.057857" asserts="1" />
            <test-case id="0-1016" name="Delete_ShouldNotDelete_WhenProjectNotFound_Test" fullname="FseProjectManagement.Web.Test.ProjectControllerTest.Delete_ShouldNotDelete_WhenProjectNotFound_Test" methodname="Delete_ShouldNotDelete_WhenProjectNotFound_Test" classname="FseProjectManagement.Web.Test.ProjectControllerTest" runstate="Runnable" seed="1639907594" result="Passed" start-time="2019-08-30 03:52:11Z" end-time="2019-08-30 03:52:11Z" duration="0.040764" asserts="1" />
            <test-case id="0-1012" name="GetProject_ShouldNotReturn_Project_DB_Test" fullname="FseProjectManagement.Web.Test.ProjectControllerTest.GetProject_ShouldNotReturn_Project_DB_Test" methodname="GetProject_ShouldNotReturn_Project_DB_Test" classname="FseProjectManagement.Web.Test.ProjectControllerTest" runstate="Runnable" seed="2014761383" result="Passed" start-time="2019-08-30 03:52:12Z" end-time="2019-08-30 03:52:26Z" duration="14.561557" asserts="1" />
            <test-case id="0-1011" name="GetProject_ShouldNotReturn_Project_Test" fullname="FseProjectManagement.Web.Test.ProjectControllerTest.GetProject_ShouldNotReturn_Project_Test" methodname="GetProject_ShouldNotReturn_Project_Test" classname="FseProjectManagement.Web.Test.ProjectControllerTest" runstate="Runnable" seed="121599980" result="Passed" start-time="2019-08-30 03:52:26Z" end-time="2019-08-30 03:52:26Z" duration="0.127095" asserts="1" />
            <test-case id="0-1010" name="GetProject_ShouldReturn_CorrectProject_Test" fullname="FseProjectManagement.Web.Test.ProjectControllerTest.GetProject_ShouldReturn_CorrectProject_Test" methodname="GetProject_ShouldReturn_CorrectProject_Test" classname="FseProjectManagement.Web.Test.ProjectControllerTest" runstate="Runnable" seed="1496795925" result="Passed" start-time="2019-08-30 03:52:26Z" end-time="2019-08-30 03:52:27Z" duration="0.318622" asserts="3" />
            <test-case id="0-1007" name="GetProjects_ShouldReturn_AllProjects_Test" fullname="FseProjectManagement.Web.Test.ProjectControllerTest.GetProjects_ShouldReturn_AllProjects_Test" methodname="GetProjects_ShouldReturn_AllProjects_Test" classname="FseProjectManagement.Web.Test.ProjectControllerTest" runstate="Runnable" seed="527119421" result="Passed" start-time="2019-08-30 03:52:27Z" end-time="2019-08-30 03:52:27Z" duration="0.205414" asserts="1" />
            <test-case id="0-1009" name="QueryProjects_ShouldNotReturn_AnyProject_Test" fullname="FseProjectManagement.Web.Test.ProjectControllerTest.QueryProjects_ShouldNotReturn_AnyProject_Test" methodname="QueryProjects_ShouldNotReturn_AnyProject_Test" classname="FseProjectManagement.Web.Test.ProjectControllerTest" runstate="Runnable" seed="1572322451" result="Passed" start-time="2019-08-30 03:52:27Z" end-time="2019-08-30 03:52:27Z" duration="0.157257" asserts="1" />
            <test-case id="0-1008" name="QueryProjects_ShouldReturn_AllProjects_Test" fullname="FseProjectManagement.Web.Test.ProjectControllerTest.QueryProjects_ShouldReturn_AllProjects_Test" methodname="QueryProjects_ShouldReturn_AllProjects_Test" classname="FseProjectManagement.Web.Test.ProjectControllerTest" runstate="Runnable" seed="315181483" result="Passed" start-time="2019-08-30 03:52:27Z" end-time="2019-08-30 03:52:27Z" duration="0.115953" asserts="1" />
            <test-case id="0-1022" name="QueryProjects_ShouldReturnTaskWithPriorityGreater_ThanAndEqualToZero_Test" fullname="FseProjectManagement.Web.Test.ProjectControllerTest.QueryProjects_ShouldReturnTaskWithPriorityGreater_ThanAndEqualToZero_Test" methodname="QueryProjects_ShouldReturnTaskWithPriorityGreater_ThanAndEqualToZero_Test" classname="FseProjectManagement.Web.Test.ProjectControllerTest" runstate="Runnable" seed="1111348717" result="Passed" start-time="2019-08-30 03:52:27Z" end-time="2019-08-30 03:52:27Z" duration="0.359206" asserts="1" />
            <test-case id="0-1013" name="Update_ShouldAdd_NewProject_Test" fullname="FseProjectManagement.Web.Test.ProjectControllerTest.Update_ShouldAdd_NewProject_Test" methodname="Update_ShouldAdd_NewProject_Test" classname="FseProjectManagement.Web.Test.ProjectControllerTest" runstate="Runnable" seed="1635653700" result="Passed" start-time="2019-08-30 03:52:27Z" end-time="2019-08-30 03:52:28Z" duration="0.142393" asserts="2" />
            <test-case id="0-1014" name="Update_ShouldUpdate_CorrectProject_Test" fullname="FseProjectManagement.Web.Test.ProjectControllerTest.Update_ShouldUpdate_CorrectProject_Test" methodname="Update_ShouldUpdate_CorrectProject_Test" classname="FseProjectManagement.Web.Test.ProjectControllerTest" runstate="Runnable" seed="715674581" result="Passed" start-time="2019-08-30 03:52:28Z" end-time="2019-08-30 03:52:28Z" duration="0.054360" asserts="2" />
            <test-case id="0-1021" name="UpdateProjectState_ForExistingWhenProjectAlready_Test" fullname="FseProjectManagement.Web.Test.ProjectControllerTest.UpdateProjectState_ForExistingWhenProjectAlready_Test" methodname="UpdateProjectState_ForExistingWhenProjectAlready_Test" classname="FseProjectManagement.Web.Test.ProjectControllerTest" runstate="Runnable" seed="1735779222" result="Passed" start-time="2019-08-30 03:52:28Z" end-time="2019-08-30 03:52:28Z" duration="0.080125" asserts="1" />
            <test-case id="0-1020" name="UpdateProjectState_ShouldUpdate_CorrectProject_Test" fullname="FseProjectManagement.Web.Test.ProjectControllerTest.UpdateProjectState_ShouldUpdate_CorrectProject_Test" methodname="UpdateProjectState_ShouldUpdate_CorrectProject_Test" classname="FseProjectManagement.Web.Test.ProjectControllerTest" runstate="Runnable" seed="208238912" result="Passed" start-time="2019-08-30 03:52:28Z" end-time="2019-08-30 03:52:28Z" duration="0.070901" asserts="1" />
            <test-case id="0-1018" name="UpdateProjectState_WhenProject_DoesNotExists_Test" fullname="FseProjectManagement.Web.Test.ProjectControllerTest.UpdateProjectState_WhenProject_DoesNotExists_Test" methodname="UpdateProjectState_WhenProject_DoesNotExists_Test" classname="FseProjectManagement.Web.Test.ProjectControllerTest" runstate="Runnable" seed="1047993579" result="Passed" start-time="2019-08-30 03:52:28Z" end-time="2019-08-30 03:52:28Z" duration="0.046845" asserts="1" />
            <test-case id="0-1019" name="UpdateProjectState_WhenProjectAlready_Updated_Test" fullname="FseProjectManagement.Web.Test.ProjectControllerTest.UpdateProjectState_WhenProjectAlready_Updated_Test" methodname="UpdateProjectState_WhenProjectAlready_Updated_Test" classname="FseProjectManagement.Web.Test.ProjectControllerTest" runstate="Runnable" seed="620652640" result="Passed" start-time="2019-08-30 03:52:28Z" end-time="2019-08-30 03:52:28Z" duration="0.089002" asserts="1" />
          </test-suite>
          <test-suite type="TestFixture" id="0-1023" name="TaskControllerTest" fullname="FseProjectManagement.Web.Test.TaskControllerTest" classname="FseProjectManagement.Web.Test.TaskControllerTest" runstate="Runnable" testcasecount="14" result="Passed" start-time="2019-08-30 03:52:28Z" end-time="2019-08-30 03:52:29Z" duration="1.361194" total="14" passed="14" failed="0" warnings="0" inconclusive="0" skipped="0" asserts="18">
            <test-case id="0-1032" name="Delete_ShouldDeleteCorrectTask_Test" fullname="FseProjectManagement.Web.Test.TaskControllerTest.Delete_ShouldDeleteCorrectTask_Test" methodname="Delete_ShouldDeleteCorrectTask_Test" classname="FseProjectManagement.Web.Test.TaskControllerTest" runstate="Runnable" seed="839526687" result="Passed" start-time="2019-08-30 03:52:28Z" end-time="2019-08-30 03:52:28Z" duration="0.158391" asserts="1" />
            <test-case id="0-1034" name="Delete_ShouldNotDeleteWhenNoTaskFound_Test" fullname="FseProjectManagement.Web.Test.TaskControllerTest.Delete_ShouldNotDeleteWhenNoTaskFound_Test" methodname="Delete_ShouldNotDeleteWhenNoTaskFound_Test" classname="FseProjectManagement.Web.Test.TaskControllerTest" runstate="Runnable" seed="2111331116" result="Passed" start-time="2019-08-30 03:52:28Z" end-time="2019-08-30 03:52:28Z" duration="0.062035" asserts="1" />
            <test-case id="0-1029" name="GetTask_ShouldNotReturnTask_FROMDB_Test" fullname="FseProjectManagement.Web.Test.TaskControllerTest.GetTask_ShouldNotReturnTask_FROMDB_Test" methodname="GetTask_ShouldNotReturnTask_FROMDB_Test" classname="FseProjectManagement.Web.Test.TaskControllerTest" runstate="Runnable" seed="815266078" result="Passed" start-time="2019-08-30 03:52:28Z" end-time="2019-08-30 03:52:28Z" duration="0.138101" asserts="1" />
            <test-case id="0-1028" name="GetTask_ShouldNotReturnTask_Test" fullname="FseProjectManagement.Web.Test.TaskControllerTest.GetTask_ShouldNotReturnTask_Test" methodname="GetTask_ShouldNotReturnTask_Test" classname="FseProjectManagement.Web.Test.TaskControllerTest" runstate="Runnable" seed="1492010403" result="Passed" start-time="2019-08-30 03:52:28Z" end-time="2019-08-30 03:52:28Z" duration="0.062117" asserts="1" />
            <test-case id="0-1027" name="GetTask_ShouldReturn_CorrectTask_Test" fullname="FseProjectManagement.Web.Test.TaskControllerTest.GetTask_ShouldReturn_CorrectTask_Test" methodname="GetTask_ShouldReturn_CorrectTask_Test" classname="FseProjectManagement.Web.Test.TaskControllerTest" runstate="Runnable" seed="211692742" result="Passed" start-time="2019-08-30 03:52:28Z" end-time="2019-08-30 03:52:29Z" duration="0.108145" asserts="2" />
            <test-case id="0-1024" name="GetTasks_ShouldReturn_AllTasks_Test" fullname="FseProjectManagement.Web.Test.TaskControllerTest.GetTasks_ShouldReturn_AllTasks_Test" methodname="GetTasks_ShouldReturn_AllTasks_Test" classname="FseProjectManagement.Web.Test.TaskControllerTest" runstate="Runnable" seed="940568891" result="Passed" start-time="2019-08-30 03:52:29Z" end-time="2019-08-30 03:52:29Z" duration="0.121746" asserts="1" />
            <test-case id="0-1026" name="QueryTasks_ShouldNotReturn_AnyTask_Test" fullname="FseProjectManagement.Web.Test.TaskControllerTest.QueryTasks_ShouldNotReturn_AnyTask_Test" methodname="QueryTasks_ShouldNotReturn_AnyTask_Test" classname="FseProjectManagement.Web.Test.TaskControllerTest" runstate="Runnable" seed="1371040386" result="Passed" start-time="2019-08-30 03:52:29Z" end-time="2019-08-30 03:52:29Z" duration="0.103005" asserts="1" />
            <test-case id="0-1025" name="QueryTasks_ShouldReturn_AllProjects_Test" fullname="FseProjectManagement.Web.Test.TaskControllerTest.QueryTasks_ShouldReturn_AllProjects_Test" methodname="QueryTasks_ShouldReturn_AllProjects_Test" classname="FseProjectManagement.Web.Test.TaskControllerTest" runstate="Runnable" seed="312414507" result="Passed" start-time="2019-08-30 03:52:29Z" end-time="2019-08-30 03:52:29Z" duration="0.120705" asserts="1" />
            <test-case id="0-1030" name="Update_ShouldAddNewTask_Test" fullname="FseProjectManagement.Web.Test.TaskControllerTest.Update_ShouldAddNewTask_Test" methodname="Update_ShouldAddNewTask_Test" classname="FseProjectManagement.Web.Test.TaskControllerTest" runstate="Runnable" seed="633201947" result="Passed" start-time="2019-08-30 03:52:29Z" end-time="2019-08-30 03:52:29Z" duration="0.091912" asserts="2" />
            <test-case id="0-1033" name="Update_ShouldUpdate_To_CorrectTask_Test" fullname="FseProjectManagement.Web.Test.TaskControllerTest.Update_ShouldUpdate_To_CorrectTask_Test" methodname="Update_ShouldUpdate_To_CorrectTask_Test" classname="FseProjectManagement.Web.Test.TaskControllerTest" runstate="Runnable" seed="539490905" result="Passed" start-time="2019-08-30 03:52:29Z" end-time="2019-08-30 03:52:29Z" duration="0.073223" asserts="2" />
            <test-case id="0-1031" name="Update_ShouldUpdateCorrectTask_Test" fullname="FseProjectManagement.Web.Test.TaskControllerTest.Update_ShouldUpdateCorrectTask_Test" methodname="Update_ShouldUpdateCorrectTask_Test" classname="FseProjectManagement.Web.Test.TaskControllerTest" runstate="Runnable" seed="806220642" result="Passed" start-time="2019-08-30 03:52:29Z" end-time="2019-08-30 03:52:29Z" duration="0.071859" asserts="2" />
            <test-case id="0-1037" name="UpdateTaskState_ShouldUpdateCorrectTask_Test" fullname="FseProjectManagement.Web.Test.TaskControllerTest.UpdateTaskState_ShouldUpdateCorrectTask_Test" methodname="UpdateTaskState_ShouldUpdateCorrectTask_Test" classname="FseProjectManagement.Web.Test.TaskControllerTest" runstate="Runnable" seed="1218543252" result="Passed" start-time="2019-08-30 03:52:29Z" end-time="2019-08-30 03:52:29Z" duration="0.095635" asserts="1" />
            <test-case id="0-1036" name="UpdateTaskState_WhenTaskAlreadyUpToDate_Test" fullname="FseProjectManagement.Web.Test.TaskControllerTest.UpdateTaskState_WhenTaskAlreadyUpToDate_Test" methodname="UpdateTaskState_WhenTaskAlreadyUpToDate_Test" classname="FseProjectManagement.Web.Test.TaskControllerTest" runstate="Runnable" seed="3344530" result="Passed" start-time="2019-08-30 03:52:29Z" end-time="2019-08-30 03:52:29Z" duration="0.063803" asserts="1" />
            <test-case id="0-1035" name="UpdateTaskState_WhenTaskDoesNotExist_Test" fullname="FseProjectManagement.Web.Test.TaskControllerTest.UpdateTaskState_WhenTaskDoesNotExist_Test" methodname="UpdateTaskState_WhenTaskDoesNotExist_Test" classname="FseProjectManagement.Web.Test.TaskControllerTest" runstate="Runnable" seed="198004893" result="Passed" start-time="2019-08-30 03:52:29Z" end-time="2019-08-30 03:52:29Z" duration="0.056605" asserts="1" />
          </test-suite>
          <test-suite type="TestFixture" id="0-1039" name="UserControllerTest" fullname="FseProjectManagement.Web.Test.UserControllerTest" classname="FseProjectManagement.Web.Test.UserControllerTest" runstate="Runnable" testcasecount="13" result="Passed" start-time="2019-08-30 03:52:29Z" end-time="2019-08-30 03:53:06Z" duration="36.601702" total="13" passed="13" failed="0" warnings="0" inconclusive="0" skipped="0" asserts="16">
            <test-case id="0-1049" name="Delete_ShouldDelete_CorrectUser" fullname="FseProjectManagement.Web.Test.UserControllerTest.Delete_ShouldDelete_CorrectUser" methodname="Delete_ShouldDelete_CorrectUser" classname="FseProjectManagement.Web.Test.UserControllerTest" runstate="Runnable" seed="224033447" result="Passed" start-time="2019-08-30 03:52:29Z" end-time="2019-08-30 03:52:29Z" duration="0.129619" asserts="1" />
            <test-case id="0-1051" name="Delete_ShouldNotDelete_WhenUserHasProjects" fullname="FseProjectManagement.Web.Test.UserControllerTest.Delete_ShouldNotDelete_WhenUserHasProjects" methodname="Delete_ShouldNotDelete_WhenUserHasProjects" classname="FseProjectManagement.Web.Test.UserControllerTest" runstate="Runnable" seed="732716229" result="Passed" start-time="2019-08-30 03:52:29Z" end-time="2019-08-30 03:52:30Z" duration="0.100826" asserts="1" />
            <test-case id="0-1052" name="Delete_ShouldNotDelete_WhenUserHasTasks" fullname="FseProjectManagement.Web.Test.UserControllerTest.Delete_ShouldNotDelete_WhenUserHasTasks" methodname="Delete_ShouldNotDelete_WhenUserHasTasks" classname="FseProjectManagement.Web.Test.UserControllerTest" runstate="Runnable" seed="753669514" result="Passed" start-time="2019-08-30 03:52:30Z" end-time="2019-08-30 03:52:30Z" duration="0.051653" asserts="1" />
            <test-case id="0-1050" name="Delete_ShouldNotDelete_WhenUserNotFound" fullname="FseProjectManagement.Web.Test.UserControllerTest.Delete_ShouldNotDelete_WhenUserNotFound" methodname="Delete_ShouldNotDelete_WhenUserNotFound" classname="FseProjectManagement.Web.Test.UserControllerTest" runstate="Runnable" seed="974254241" result="Passed" start-time="2019-08-30 03:52:30Z" end-time="2019-08-30 03:52:30Z" duration="0.048120" asserts="1" />
            <test-case id="0-1043" name="GetUser_ShouldNotReturn_User" fullname="FseProjectManagement.Web.Test.UserControllerTest.GetUser_ShouldNotReturn_User" methodname="GetUser_ShouldNotReturn_User" classname="FseProjectManagement.Web.Test.UserControllerTest" runstate="Runnable" seed="1277698167" result="Passed" start-time="2019-08-30 03:52:30Z" end-time="2019-08-30 03:52:30Z" duration="0.070493" asserts="1" />
            <test-case id="0-1044" name="GetUser_ShouldNotReturn_UserDB" fullname="FseProjectManagement.Web.Test.UserControllerTest.GetUser_ShouldNotReturn_UserDB" methodname="GetUser_ShouldNotReturn_UserDB" classname="FseProjectManagement.Web.Test.UserControllerTest" runstate="Runnable" seed="1693943795" result="Passed" start-time="2019-08-30 03:52:30Z" end-time="2019-08-30 03:53:05Z" duration="35.731545" asserts="1" />
            <test-case id="0-1042" name="GetUser_ShouldReturn_CorrectUser" fullname="FseProjectManagement.Web.Test.UserControllerTest.GetUser_ShouldReturn_CorrectUser" methodname="GetUser_ShouldReturn_CorrectUser" classname="FseProjectManagement.Web.Test.UserControllerTest" runstate="Runnable" seed="1860095721" result="Passed" start-time="2019-08-30 03:53:05Z" end-time="2019-08-30 03:53:06Z" duration="0.072334" asserts="2" />
            <test-case id="0-1040" name="GetUsersDetails_ShouldReturn_AllUsers" fullname="FseProjectManagement.Web.Test.UserControllerTest.GetUsersDetails_ShouldReturn_AllUsers" methodname="GetUsersDetails_ShouldReturn_AllUsers" classname="FseProjectManagement.Web.Test.UserControllerTest" runstate="Runnable" seed="1154213349" result="Passed" start-time="2019-08-30 03:53:06Z" end-time="2019-08-30 03:53:06Z" duration="0.069386" asserts="1" />
            <test-case id="0-1048" name="QueryUser_ShouldNotReturn_AnyProject" fullname="FseProjectManagement.Web.Test.UserControllerTest.QueryUser_ShouldNotReturn_AnyProject" methodname="QueryUser_ShouldNotReturn_AnyProject" classname="FseProjectManagement.Web.Test.UserControllerTest" runstate="Runnable" seed="706117409" result="Passed" start-time="2019-08-30 03:53:06Z" end-time="2019-08-30 03:53:06Z" duration="0.061961" asserts="1" />
            <test-case id="0-1041" name="QueryUsersDetails_ShouldReturn_AllUsers" fullname="FseProjectManagement.Web.Test.UserControllerTest.QueryUsersDetails_ShouldReturn_AllUsers" methodname="QueryUsersDetails_ShouldReturn_AllUsers" classname="FseProjectManagement.Web.Test.UserControllerTest" runstate="Runnable" seed="1911479547" result="Passed" start-time="2019-08-30 03:53:06Z" end-time="2019-08-30 03:53:06Z" duration="0.060211" asserts="1" />
            <test-case id="0-1045" name="Update_ShouldAdd_NewUser" fullname="FseProjectManagement.Web.Test.UserControllerTest.Update_ShouldAdd_NewUser" methodname="Update_ShouldAdd_NewUser" classname="FseProjectManagement.Web.Test.UserControllerTest" runstate="Runnable" seed="1032483366" result="Passed" start-time="2019-08-30 03:53:06Z" end-time="2019-08-30 03:53:06Z" duration="0.064410" asserts="2" />
            <test-case id="0-1046" name="Update_ShouldNotUpdate_If_FirstNameAndLastName_NotProvided" fullname="FseProjectManagement.Web.Test.UserControllerTest.Update_ShouldNotUpdate_If_FirstNameAndLastName_NotProvided" methodname="Update_ShouldNotUpdate_If_FirstNameAndLastName_NotProvided" classname="FseProjectManagement.Web.Test.UserControllerTest" runstate="Runnable" seed="243661380" result="Passed" start-time="2019-08-30 03:53:06Z" end-time="2019-08-30 03:53:06Z" duration="0.051126" asserts="1" />
            <test-case id="0-1047" name="Update_ShouldUpdateTo_CorrectUser" fullname="FseProjectManagement.Web.Test.UserControllerTest.Update_ShouldUpdateTo_CorrectUser" methodname="Update_ShouldUpdateTo_CorrectUser" classname="FseProjectManagement.Web.Test.UserControllerTest" runstate="Runnable" seed="1807440819" result="Passed" start-time="2019-08-30 03:53:06Z" end-time="2019-08-30 03:53:06Z" duration="0.059978" asserts="2" />
          </test-suite>
        </test-suite>
      </test-suite>
    </test-suite>
  </test-suite>
</test-run>